2020-01-16 16:17:11.637493, [RECEIVERWINDOW] [INFO], Created log file
2020-01-16 16:17:11.686382, [RECEIVERWINDOW] [INFO], Receiving packet no 000 containing: 	North of 53. A magic phrase. Spoken, mumbled or t

2020-01-16 16:17:12.011357, [RECEIVERWINDOW] [INFO], Receiving packet no 001 containing: hought
     inwardly by thousands of souls venturi

2020-01-16 16:17:12.580320, [RECEIVERWINDOW] [INFO], Receiving packet no 004 containing:  indicated to highway travellers by road side
    

2020-01-16 16:17:13.094150, [RECEIVERWINDOW] [INFO], Receiving packet no 002 containing: ng northward. An
     imaginary line, shown only o

2020-01-16 16:17:13.567921, [RECEIVERWINDOW] [INFO], Receiving packet no 003 containing: n maps and labelled 53 degrees.
     It's presence

2020-01-16 16:17:14.077655, [RECEIVERWINDOW] [INFO], Receiving packet no 005 containing:  signs.
          A division of territory as disti

2020-01-16 16:17:15.152217, [RECEIVERWINDOW] [INFO], Receiving packet no 007 containing:           If you have not been "North of 53", you 

2020-01-16 16:17:15.967159, [RECEIVERWINDOW] [INFO], Receiving packet no 006 containing: nct in the mind as any
     international border.


2020-01-16 16:17:16.495386, [RECEIVERWINDOW] [INFO], Receiving packet no 008 containing: have not been
     north!
          Travellers and

2020-01-16 16:17:16.853129, [RECEIVERWINDOW] [INFO], Receiving packet no 009 containing:  writers, poets and pilots, have
     contributed 

2020-01-16 16:17:17.143721, [RECEIVERWINDOW] [INFO], Receiving packet no 010 containing: to the lore of the north. The rigors of life in


