2020-01-02 23:01:13.174197, [SERVER] [INFO], Created log file
2020-01-02 23:01:20.332431, [SERVER] [INFO], Created an UDP socket for communication
2020-01-02 23:01:20.821542, [SERVER] [INFO], On Thread Thread_Server-Receiving packet no 000 containing: 	North of 53. A magic phrase. Spoken, mumbled or t

2020-01-02 23:01:20.822473, [SERVER] [INFO], On Thread Thread_Server-Receiving packet no 001 containing: hought
     inwardly by thousands of souls venturi

2020-01-02 23:01:20.822473, [SERVER] [INFO], On Thread Thread_Server-Receiving packet no 002 containing: ng northward. An
     imaginary line, shown only o

2020-01-02 23:01:20.823470, [SERVER] [INFO], On Thread Thread_Server-Receiving packet no 003 containing: n maps and labelled 53 degrees.
     It's presence

2020-01-02 23:01:20.823470, [SERVER] [INFO], On Thread Thread_Server-Receiving packet no 004 containing:  indicated to highway travellers by road side
    

2020-01-02 23:01:20.824467, [SERVER] [INFO], On Thread Thread_Server-Receiving packet no 005 containing:  signs.
          A division of territory as disti

2020-01-02 23:01:20.824467, [SERVER] [INFO], On Thread Thread_Server-Receiving packet no 006 containing: nct in the mind as any
     international border.


2020-01-02 23:01:20.825469, [SERVER] [INFO], On Thread Thread_Server-Receiving packet no 007 containing:           If you have not been "North of 53", you 

2020-01-02 23:01:20.825469, [SERVER] [INFO], On Thread Thread_Server-Receiving packet no 008 containing: have not been
     north!
          Travellers and

2020-01-02 23:01:20.826469, [SERVER] [INFO], On Thread Thread_Server-Receiving packet no 009 containing:  writers, poets and pilots, have
     contributed 

2020-01-02 23:01:20.826469, [SERVER] [INFO], On Thread Thread_Server-Receiving packet no 010 containing: to the lore of the north. The rigors of life in
  

2020-01-02 23:01:20.827466, [SERVER] [INFO], On Thread Thread_Server-Receiving packet no 011 containing:    the bush are told in tales of man eating mosqui

2020-01-02 23:01:20.827466, [SERVER] [INFO], On Thread Thread_Server-Receiving packet no 012 containing: toes, of
     murderous hordes of black flies, of 

2020-01-02 23:01:20.828463, [SERVER] [INFO], On Thread Thread_Server-Receiving packet no 013 containing: the lumps of flesh
     carried away by the giant 

2020-01-02 23:01:20.828463, [SERVER] [INFO], On Thread Thread_Server-Receiving packet no 014 containing: bull dog flies.
          The stories of record br

2020-01-02 23:01:20.829461, [SERVER] [INFO], On Thread Thread_Server-Receiving packet no 015 containing: eaking trout, walleye, and pike
     are legion. T

2020-01-02 23:01:20.829461, [SERVER] [INFO], On Thread Thread_Server-Receiving packet no 016 containing: here are tales of sights and sounds heard deep
   

2020-01-02 23:01:20.829461, [SERVER] [INFO], On Thread Thread_Server-Receiving packet no 017 containing:   in the spruce forests:
          The crashing of

2020-01-02 23:01:20.830458, [SERVER] [INFO], On Thread Thread_Server-Receiving packet no 018 containing:  moose, tearing through brush and
     breaking do

2020-01-02 23:01:20.830458, [SERVER] [INFO], On Thread Thread_Server-Receiving packet no 019 containing: wn trees. The drumming of grouse. The incessant
  

2020-01-02 23:01:20.831455, [SERVER] [INFO], On Thread Thread_Server-Receiving packet no 020 containing:    hum of insects. The cackling quackery of ducks 

2020-01-02 23:01:20.831455, [SERVER] [INFO], On Thread Thread_Server-Receiving packet no 021 containing: feeding on
     quiet ponds and placid bays.
     

2020-01-02 23:01:20.831455, [SERVER] [INFO], On Thread Thread_Server-Receiving packet no 022 containing:      Once heard, the intermittent song of the loon

2020-01-02 23:01:20.832453, [SERVER] [INFO], On Thread Thread_Server-Receiving packet no 023 containing:  is never
     forgotten. It's voice the signature

2020-01-02 23:01:20.832453, [SERVER] [INFO], On Thread Thread_Server-Receiving packet no 024 containing:  of authenticity of a
     northern scene.
       

2020-01-02 23:01:20.832453, [SERVER] [INFO], On Thread Thread_Server-Receiving packet no 025 containing:    If the wildlife in the northern bush land seems

2020-01-02 23:01:20.833450, [SERVER] [INFO], On Thread Thread_Server-Receiving packet no 026 containing: 
     different than found elsewhere, so is the li

2020-01-02 23:01:20.833450, [SERVER] [INFO], On Thread Thread_Server-Receiving packet no 027 containing: fe of man. It
     takes a special breed of person

2020-01-02 23:01:20.833450, [SERVER] [INFO], On Thread Thread_Server-Receiving packet no 028 containing:  to live in the north. The
     farther one travel

2020-01-02 23:01:20.834447, [SERVER] [INFO], On Thread Thread_Server-Receiving packet no 029 containing: s, the more this becomes apparent. The
     Southe

2020-01-02 23:01:20.834447, [SERVER] [INFO], On Thread Thread_Server-Receiving packet no 030 containing: rner, whether on his first or fiftieth trip north 

2020-01-02 23:01:20.834447, [SERVER] [INFO], On Thread Thread_Server-Receiving packet no 031 containing: of
     53, never really becomes aware of the impl

2020-01-02 23:01:20.835445, [SERVER] [INFO], On Thread Thread_Server-Receiving packet no 032 containing: ications of
     northern living.
          Genera

2020-01-02 23:01:20.835445, [SERVER] [INFO], On Thread Thread_Server-Receiving packet no 033 containing: lly, the owners of "cottages" on southern lakes
  

2020-01-02 23:01:20.835445, [SERVER] [INFO], On Thread Thread_Server-Receiving packet no 034 containing:    have more amenities at hand for a weekend of "r

2020-01-02 23:01:20.836442, [SERVER] [INFO], On Thread Thread_Server-Receiving packet no 035 containing: oughing it"
     than most northern dwellers have 

2020-01-02 23:01:20.836442, [SERVER] [INFO], On Thread Thread_Server-Receiving packet no 036 containing: on a year round basis.
          The modern cabin 

2020-01-02 23:01:20.837439, [SERVER] [INFO], On Thread Thread_Server-Receiving packet no 037 containing: on a lake shore near a large
     metropolitan cen

2020-01-02 23:01:20.837439, [SERVER] [INFO], On Thread Thread_Server-Receiving packet no 038 containing: ter is equipped with electric service, a
     tele

2020-01-02 23:01:20.837439, [SERVER] [INFO], On Thread Thread_Server-Receiving packet no 039 containing: phone, paved roads, natural gas pipelines, and cab

2020-01-02 23:01:20.837439, [SERVER] [INFO], On Thread Thread_Server-Receiving packet no 040 containing: le
     television.
          Nearby are services 

2020-01-02 23:01:20.838437, [SERVER] [INFO], On Thread Thread_Server-Receiving packet no 041 containing: that provide food, fuel, repairs,
     and enterta

2020-01-02 23:01:20.838437, [SERVER] [INFO], On Thread Thread_Server-Receiving packet no 042 containing: inment. Drivein theaters and fast food chains
    

2020-01-02 23:01:20.839434, [SERVER] [INFO], On Thread Thread_Server-Receiving packet no 043 containing:  abound. Waterfront businesses have docks built fo

2020-01-02 23:01:20.839434, [SERVER] [INFO], On Thread Thread_Server-Receiving packet no 044 containing: r those
     arriving by boat to do their shopping

2020-01-02 23:01:20.839434, [SERVER] [INFO], On Thread Thread_Server-Receiving packet no 045 containing: , laundry, or to
     transfer suitcases from the 

2020-01-02 23:01:20.840432, [SERVER] [INFO], On Thread Thread_Server-Receiving packet no 046 containing: family car. The local merchants
     deliver goods

2020-01-02 23:01:20.840432, [SERVER] [INFO], On Thread Thread_Server-Receiving packet no 047 containing:  to the cabin by road or by water.
     Entreprene

2020-01-02 23:01:20.840432, [SERVER] [INFO], On Thread Thread_Server-Receiving packet no 048 containing: urs make a businesss of servicing and maintaining


2020-01-02 23:01:20.841429, [SERVER] [INFO], On Thread Thread_Server-Receiving packet no 049 containing:      cabins during the owners absence in the off s

2020-01-02 23:01:20.841429, [SERVER] [INFO], On Thread Thread_Server-Receiving packet no 050 containing: easons.
          Most of these "cottages", whethe

2020-01-02 23:01:20.842428, [SERVER] [INFO], On Thread Thread_Server-Receiving packet no 051 containing: r on the lake shore, or
     located five well pav

2020-01-02 23:01:20.842428, [SERVER] [INFO], On Thread Thread_Server-Receiving packet no 052 containing: ed streets from the water, rival the
     homes of

2020-01-02 23:01:20.842428, [SERVER] [INFO], On Thread Thread_Server-Receiving packet no 053 containing:  many city dwellers. These lake side communities,


2020-01-02 23:01:20.843423, [SERVER] [INFO], On Thread Thread_Server-Receiving packet no 054 containing:      although seasonal, differ little from the urb

2020-01-02 23:01:20.843423, [SERVER] [INFO], On Thread Thread_Server-Receiving packet no 055 containing: an living from
     which they offer escape.
     

2020-01-02 23:01:20.843423, [SERVER] [INFO], On Thread Thread_Server-Receiving packet no 056 containing:      Look at an average northern community. Study 

2020-01-02 23:01:20.844421, [SERVER] [INFO], On Thread Thread_Server-Receiving packet no 057 containing: and
     compare the standards with those of urban

2020-01-02 23:01:20.844421, [SERVER] [INFO], On Thread Thread_Server-Receiving packet no 058 containing:  areas and their
     nearby lake side retreats.
 

2020-01-02 23:01:20.844421, [SERVER] [INFO], On Thread Thread_Server-Receiving packet no 059 containing:          There are no local bus services. If the c

2020-01-02 23:01:20.844421, [SERVER] [INFO], On Thread Thread_Server-Receiving packet no 060 containing: ar doesn't
     start you either walk, or call a t

2020-01-02 23:01:20.845418, [SERVER] [INFO], On Thread Thread_Server-Receiving packet no 061 containing: axi. Yes, most areas do
     have a taxi service o

2020-01-02 23:01:20.845418, [SERVER] [INFO], On Thread Thread_Server-Receiving packet no 062 containing: f one kind or another. Even if it's a
     ride in

2020-01-02 23:01:20.845418, [SERVER] [INFO], On Thread Thread_Server-Receiving packet no 063 containing:  the back of some one's pick up truck.
          M

2020-01-02 23:01:20.846416, [SERVER] [INFO], On Thread Thread_Server-Receiving packet no 064 containing: ail delivery is unknown. A pleasant stroll in
    

2020-01-02 23:01:20.846416, [SERVER] [INFO], On Thread Thread_Server-Receiving packet no 065 containing:  midsummer is contrasted by an ordeal in life thre

2020-01-02 23:01:20.846416, [SERVER] [INFO], On Thread Thread_Server-Receiving packet no 066 containing: atening
     conditions during winter.
          H

2020-01-02 23:01:20.847413, [SERVER] [INFO], On Thread Thread_Server-Receiving packet no 067 containing: ouse to house delivery of milk and bread is
     n

2020-01-02 23:01:20.847413, [SERVER] [INFO], On Thread Thread_Server-Receiving packet no 068 containing: onexistent. Perhaps newspapers are delivered, but 

2020-01-02 23:01:20.847413, [SERVER] [INFO], On Thread Thread_Server-Receiving packet no 069 containing: it
     requires a family effort, especially in wi

2020-01-02 23:01:20.848410, [SERVER] [INFO], On Thread Thread_Server-Receiving packet no 070 containing: nter.
          Bus, rail and scheduled air servic

2020-01-02 23:01:20.848410, [SERVER] [INFO], On Thread Thread_Server-Receiving packet no 071 containing: es to nearby
     settlements is severely restrict

2020-01-02 23:01:20.849407, [SERVER] [INFO], On Thread Thread_Server-Receiving packet no 072 containing: ed, if available at all.
     Many small taxi comp

2020-01-02 23:01:20.849407, [SERVER] [INFO], On Thread Thread_Server-Receiving packet no 073 containing: anies exist because of the large fares
     collec

2020-01-02 23:01:20.849407, [SERVER] [INFO], On Thread Thread_Server-Receiving packet no 074 containing: ted in the transport of natives to and from the
  

2020-01-02 23:01:20.850405, [SERVER] [INFO], On Thread Thread_Server-Receiving packet no 075 containing:    reserves.
          Although diminishing in rec

2020-01-02 23:01:20.850405, [SERVER] [INFO], On Thread Thread_Server-Receiving packet no 076 containing: ent years, the bushpilot and
     charter aircraft

2020-01-02 23:01:20.850405, [SERVER] [INFO], On Thread Thread_Server-Receiving packet no 077 containing:  still play a large role in northern
     transpor

2020-01-02 23:01:20.851402, [SERVER] [INFO], On Thread Thread_Server-Receiving packet no 078 containing: tation.
          The pilots of these small aircra

2020-01-02 23:01:20.851402, [SERVER] [INFO], On Thread Thread_Server-Receiving packet no 079 containing: ft learn to live with
     conditions that would k

2020-01-02 23:01:20.851402, [SERVER] [INFO], On Thread Thread_Server-Receiving packet no 080 containing: eep their southern colleagues on the
     ground.


2020-01-02 23:01:20.852400, [SERVER] [INFO], On Thread Thread_Server-Receiving packet no 081 containing:           In summer they fly float equipped aircra

2020-01-02 23:01:20.852400, [SERVER] [INFO], On Thread Thread_Server-Receiving packet no 082 containing: ft. They are
     busy hauling trappers, fishermen

2020-01-02 23:01:20.852400, [SERVER] [INFO], On Thread Thread_Server-Receiving packet no 083 containing: , freight, fish, furs, and
     supplies to and fr

2020-01-02 23:01:20.853397, [SERVER] [INFO], On Thread Thread_Server-Receiving packet no 084 containing: om the reserves, fish camps, traplines,
     loggi

2020-01-02 23:01:20.853397, [SERVER] [INFO], On Thread Thread_Server-Receiving packet no 085 containing: ng areas, and small settlements.
          In the 

2020-01-02 23:01:20.854394, [SERVER] [INFO], On Thread Thread_Server-Receiving packet no 086 containing: fall, when the ice is too thin for skis, yet too
 

2020-01-02 23:01:20.854394, [SERVER] [INFO], On Thread Thread_Server-Receiving packet no 087 containing:     thick for floats, they change the aircraft to 

2020-01-02 23:01:20.854394, [SERVER] [INFO], On Thread Thread_Server-Receiving packet no 088 containing: wheel
     equipment. Changing to skis when ice co

2020-01-02 23:01:20.855391, [SERVER] [INFO], On Thread Thread_Server-Receiving packet no 089 containing: nditions permit.
          Winter flying presents 

2020-01-02 23:01:20.855391, [SERVER] [INFO], On Thread Thread_Server-Receiving packet no 090 containing: problems that most pilots never
     hear of. Temp

2020-01-02 23:01:20.855391, [SERVER] [INFO], On Thread Thread_Server-Receiving packet no 091 containing: eratures exceeding 40 below zero, blowing snow,
  

2020-01-02 23:01:20.855391, [SERVER] [INFO], On Thread Thread_Server-Receiving packet no 092 containing:    ice crystals, and whiteouts. All these challeng

2020-01-02 23:01:20.856389, [SERVER] [INFO], On Thread Thread_Server-Receiving packet no 093 containing: e the pilot
     in their daily work. The preheati

2020-01-02 23:01:20.856389, [SERVER] [INFO], On Thread Thread_Server-Receiving packet no 094 containing: ng of engines to coax them
     to life. The probl

2020-01-02 23:01:20.856389, [SERVER] [INFO], On Thread Thread_Server-Receiving packet no 095 containing: em of congealed oil in propeller pitch
     mechan

2020-01-02 23:01:20.857387, [SERVER] [INFO], On Thread Thread_Server-Receiving packet no 096 containing: isms, and fueling with super cooled gasoline are
 

2020-01-02 23:01:20.857387, [SERVER] [INFO], On Thread Thread_Server-Receiving packet no 097 containing:     regular chores.
          The ski-equipped air

2020-01-02 23:01:20.857387, [SERVER] [INFO], On Thread Thread_Server-Receiving packet no 098 containing: craft must be tied down with ropes
     that are f

2020-01-02 23:01:20.858383, [SERVER] [INFO], On Thread Thread_Server-Receiving packet no 099 containing: rozen into holes in the four foot ice. The skis
  

2020-01-02 23:01:20.858383, [SERVER] [INFO], On Thread Thread_Server-Receiving packet no 100 containing:    must be lifted or run onto boards or poles to p

2020-01-02 23:01:20.858383, [SERVER] [INFO], On Thread Thread_Server-Receiving packet no 101 containing: revent them
     freezing into the ice.
          

2020-01-02 23:01:20.859381, [SERVER] [INFO], On Thread Thread_Server-Receiving packet no 102 containing: Pilots and passengers must wear heavy arctic cloth

2020-01-02 23:01:20.859381, [SERVER] [INFO], On Thread Thread_Server-Receiving packet no 103 containing: ing
     as few aircraft have cabin heat systems c

2020-01-02 23:01:20.859381, [SERVER] [INFO], On Thread Thread_Server-Receiving packet no 104 containing: apable of coping
     with the cold. Aircraft batt

2020-01-02 23:01:20.860378, [SERVER] [INFO], On Thread Thread_Server-Receiving packet no 105 containing: eries are removed at the end of
     each day of f

2020-01-02 23:01:20.860378, [SERVER] [INFO], On Thread Thread_Server-Receiving packet no 106 containing: lying to ensure maximum efficiency the next
     d

2020-01-02 23:01:20.861375, [SERVER] [INFO], On Thread Thread_Server-Receiving packet no 107 containing: ay. Wings and engines are covered to stop the ingr

2020-01-02 23:01:20.861375, [SERVER] [INFO], On Thread Thread_Server-Receiving packet no 108 containing: ess of
     snow and the build up of frost on the 

2020-01-02 23:01:20.861375, [SERVER] [INFO], On Thread Thread_Server-Receiving packet no 109 containing: flight surfaces.
     Gasoline fueled blow-pots ar

2020-01-02 23:01:20.861375, [SERVER] [INFO], On Thread Thread_Server-Receiving packet no 110 containing: e often carried to provide
     engine preheat to 

2020-01-02 23:01:20.862373, [SERVER] [INFO], On Thread Thread_Server-Receiving packet no 111 containing: ensure starting. The oil in these engines
     get

2020-01-02 23:01:20.862373, [SERVER] [INFO], On Thread Thread_Server-Receiving packet no 112 containing: s so thick at minus 40 to 50 degrees that the engi

2020-01-02 23:01:20.862373, [SERVER] [INFO], On Thread Thread_Server-Receiving packet no 113 containing: ne
     cannot be turned. This writer has done chi

2020-01-02 23:01:20.863370, [SERVER] [INFO], On Thread Thread_Server-Receiving packet no 114 containing: n-ups on the
     propeller of a coldsoaked Cessna

2020-01-02 23:01:20.863370, [SERVER] [INFO], On Thread Thread_Server-Receiving packet no 115 containing:  which flew the next day
     after preheating.
  

2020-01-02 23:01:20.863370, [SERVER] [INFO], On Thread Thread_Server-Receiving packet no 116 containing:         The northern airports lack any degree of s

2020-01-02 23:01:20.864368, [SERVER] [INFO], On Thread Thread_Server-Receiving packet no 117 containing: ervices in
     comparison to those farther south.

2020-01-02 23:01:20.864368, [SERVER] [INFO], On Thread Thread_Server-Receiving packet no 118 containing:  Fuel is usually available
     if you can locate 

2020-01-02 23:01:20.865365, [SERVER] [INFO], On Thread Thread_Server-Receiving packet no 119 containing: the operator. Some of the larger
     communities 

2020-01-02 23:01:20.865365, [SERVER] [INFO], On Thread Thread_Server-Receiving packet no 120 containing: may have a pay telephone at the airstrip, but
    

2020-01-02 23:01:20.865365, [SERVER] [INFO], On Thread Thread_Server-Receiving packet no 121 containing:  the normal procedure is to buzz the town on arriv

2020-01-02 23:01:20.866362, [SERVER] [INFO], On Thread Thread_Server-Receiving packet no 122 containing: al. This
     lets the people know you are landing

2020-01-02 23:01:20.866362, [SERVER] [INFO], On Thread Thread_Server-Receiving packet no 123 containing:  and usually someone
     will head out to the str

2020-01-02 23:01:20.866362, [SERVER] [INFO], On Thread Thread_Server-Receiving packet no 124 containing: ip to meet you.
          Unless you are a regular

2020-01-02 23:01:20.867359, [SERVER] [INFO], On Thread Thread_Server-Receiving packet no 125 containing:  customer, all transactions for
     fuel and oil 

2020-01-02 23:01:20.867359, [SERVER] [INFO], On Thread Thread_Server-Receiving packet no 126 containing: are on a cash basis. Cheques are nearly useless
  

2020-01-02 23:01:20.867359, [SERVER] [INFO], On Thread Thread_Server-Receiving packet no 127 containing:    in a village without a bank. Credit to a strang

2020-01-02 23:01:20.868357, [SERVER] [INFO], On Thread Thread_Server-Receiving packet no 000 containing: er is
     foolhardy.
          During the grip of

2020-01-02 23:01:20.868357, [SERVER] [INFO], On Thread Thread_Server-Receiving packet no 001 containing:  winter, the snowmobile is the major
     mode of 

2020-01-02 23:01:20.869353, [SERVER] [INFO], On Thread Thread_Server-Receiving packet no 002 containing: transport in all but the largest of settlements. I

2020-01-02 23:01:20.869353, [SERVER] [INFO], On Thread Thread_Server-Receiving packet no 003 containing: n
     many places that do have roads in winter, v

2020-01-02 23:01:20.869353, [SERVER] [INFO], On Thread Thread_Server-Receiving packet no 004 containing: ehicles are left
     running 24 hours a day. If a

2020-01-02 23:01:20.870351, [SERVER] [INFO], On Thread Thread_Server-Receiving packet no 005 containing: llowed to get cold, it may take
     many hours of

2020-01-02 23:01:20.870351, [SERVER] [INFO], On Thread Thread_Server-Receiving packet no 006 containing:  effort to restart balky engines.
          Most n

2020-01-02 23:01:20.870351, [SERVER] [INFO], On Thread Thread_Server-Receiving packet no 007 containing: orthern residents enjoy the winter months. The
   

2020-01-02 23:01:20.871349, [SERVER] [INFO], On Thread Thread_Server-Receiving packet no 008 containing:   change  in seasons brings on a change in activit

2020-01-02 23:01:20.871349, [SERVER] [INFO], On Thread Thread_Server-Receiving packet no 009 containing: ies. The
     boats and motors are stored away wit

2020-01-02 23:01:20.871349, [SERVER] [INFO], On Thread Thread_Server-Receiving packet no 010 containing: h the lawnmowers and
     garden chairs. The snowm

2020-01-02 23:01:20.872346, [SERVER] [INFO], On Thread Thread_Server-Receiving packet no 011 containing: obiles are tuned up, ice-fishing
     shacks are t

2020-01-02 23:01:20.872346, [SERVER] [INFO], On Thread Thread_Server-Receiving packet no 012 containing: owed onto lakes and rivers. The blades of gas-
   

2020-01-02 23:01:20.872346, [SERVER] [INFO], On Thread Thread_Server-Receiving packet no 013 containing:   powered ice augers are sharpened. The fishermen 

2020-01-02 23:01:20.873343, [SERVER] [INFO], On Thread Thread_Server-Receiving packet no 014 containing: flock to
     their favorite spots and drill holes

2020-01-02 23:01:20.873343, [SERVER] [INFO], On Thread Thread_Server-Receiving packet no 015 containing:  through ice up to four
     feet thick.
         

2020-01-02 23:01:20.873343, [SERVER] [INFO], On Thread Thread_Server-Receiving packet no 016 containing:  Whether in the comfort of a shack with a woodburn

2020-01-02 23:01:20.874341, [SERVER] [INFO], On Thread Thread_Server-Receiving packet no 017 containing: ing
     stove glowing in the center, or huddled o

2020-01-02 23:01:20.874341, [SERVER] [INFO], On Thread Thread_Server-Receiving packet no 018 containing: n the ice in the
     lee of a snowmobile, they no

2020-01-02 23:01:20.874341, [SERVER] [INFO], On Thread Thread_Server-Receiving packet no 019 containing: rmally take a good catch.
     Walleye, trout, pik

2020-01-02 23:01:20.875338, [SERVER] [INFO], On Thread Thread_Server-Receiving packet no 020 containing: e, tullibee and whitefish as well as
     perch, b

2020-01-02 23:01:20.875338, [SERVER] [INFO], On Thread Thread_Server-Receiving packet no 021 containing: urbot, catfish and bass are plentiful. The most
  

2020-01-02 23:01:20.875338, [SERVER] [INFO], On Thread Thread_Server-Receiving packet no 022 containing:    popular bait is minnows, some use sucker-belly,

2020-01-02 23:01:20.876335, [SERVER] [INFO], On Thread Thread_Server-Receiving packet no 023 containing:  or net bags
     of trout eggs. Others use metal 

2020-01-02 23:01:20.876335, [SERVER] [INFO], On Thread Thread_Server-Receiving packet no 024 containing: spoons or large bucktail
     flies, lead-headed j

2020-01-02 23:01:20.876335, [SERVER] [INFO], On Thread Thread_Server-Receiving packet no 026 containing: mmer, the best bait is whatever the fish are takin

2020-01-02 23:01:20.877333, [SERVER] [INFO], On Thread Thread_Server-Receiving packet no 025 containing: igging lures, or just snelled hooks. As
     in su

